{"/Users/pablo.allendes/Documents/personal_projects/appv/src/screens/home/home.tsx": {"path":"/Users/pablo.allendes/Documents/personal_projects/appv/src/screens/home/home.tsx","statementMap":{"0":{"start":{"line":6,"column":13},"end":{"line":136,"column":1}},"1":{"start":{"line":7,"column":2},"end":{"line":135,"column":4}},"2":{"start":{"line":138,"column":15},"end":{"line":189,"column":2}}},"fnMap":{"0":{"name":"(anonymous_0)","decl":{"start":{"line":6,"column":13},"end":{"line":6,"column":14}},"loc":{"start":{"line":6,"column":19},"end":{"line":136,"column":1}},"line":6}},"branchMap":{},"s":{"0":1,"1":1,"2":1},"f":{"0":1},"b":{},"_coverageSchema":"43e27e138ebf9cfc5966b082cf9a028302ed4184","hash":"91d0c9a04cab27188a181483d8fe1a328611c08b"}
,"/Users/pablo.allendes/Documents/personal_projects/appv/src/screens/home/index.ts": {"path":"/Users/pablo.allendes/Documents/personal_projects/appv/src/screens/home/index.ts","statementMap":{},"fnMap":{},"branchMap":{},"s":{},"f":{},"b":{},"_coverageSchema":"43e27e138ebf9cfc5966b082cf9a028302ed4184","hash":"842b032f88a10186546ea52cefa39f0c6e9b8167"}
}
